<?xml version="1.0" encoding="UTF-8"?>
<testsuite xmlns:xsi="http://www.w3.org/2001/XMLSchema-instance" xsi:noNamespaceSchemaLocation="https://maven.apache.org/surefire/maven-surefire-plugin/xsd/surefire-test-report-3.0.xsd" version="3.0" name="sortingAlgorithms.InsertionSortTest" time="0.008" tests="6" errors="0" skipped="0" failures="0">
  <properties>
[...]
</properties>
  <testcase name="testTrierTableauInverse" classname="sortingAlgorithms.InsertionSortTest" time="0.002">
    <system-out><![CDATA[5 4 3 2 1 
4 5 3 2 1 
3 4 5 2 1 
2 3 4 5 1 
1 2 3 4 5 
]]></system-out>
  </testcase>
  <testcase name="testTrierTableauVide" classname="sortingAlgorithms.InsertionSortTest" time="0.002">
    <system-out><![CDATA[
]]></system-out>
  </testcase>
  <testcase name="testTrierTableauUnElement" classname="sortingAlgorithms.InsertionSortTest" time="0.0">
    <system-out><![CDATA[42 
]]></system-out>
  </testcase>
  <testcase name="testTrierTableauAleatoire" classname="sortingAlgorithms.InsertionSortTest" time="0.0">
    <system-out><![CDATA[3 7 1 9 2 5 8 4 6 
3 7 1 9 2 5 8 4 6 
1 3 7 9 2 5 8 4 6 
1 3 7 9 2 5 8 4 6 
1 2 3 7 9 5 8 4 6 
1 2 3 5 7 9 8 4 6 
1 2 3 5 7 8 9 4 6 
1 2 3 4 5 7 8 9 6 
1 2 3 4 5 6 7 8 9 
]]></system-out>
  </testcase>
  <testcase name="testTrierTableauTableauOrdonne" classname="sortingAlgorithms.InsertionSortTest" time="0.0">
    <system-out><![CDATA[1 2 3 4 5 
1 2 3 4 5 
1 2 3 4 5 
1 2 3 4 5 
1 2 3 4 5 
]]></system-out>
  </testcase>
  <testcase name="testTrierTableauDoublons" classname="sortingAlgorithms.InsertionSortTest" time="0.0">
    <system-out><![CDATA[3 1 3 2 1 2 
1 3 3 2 1 2 
1 3 3 2 1 2 
1 2 3 3 1 2 
1 1 2 3 3 2 
1 1 2 2 3 3 
]]></system-out>
  </testcase>
</testsuite>